Filmography for Kyle MacLachlan (1959-)
===============
Dune (1984)
 playing Paul Atreides
Blue Velvet (1986)
 playing Jeffrey Beaumont
The Hidden (1987)
 playing Lloyd Gallagher
The Boyfriend School (1990)
 playing Trout
The Doors (1991)
 playing Ray Manzarek
Rich in Love (1992)
 playing Billy McQueen
The Trial (1993)
 playing Josef K.
Touch of Pink (2004)
 playing Spirit of Cary Grant
Mao's Last Dancer (2009)
 playing Charles Foster
The House with a Clock in Its Walls (2018)
 playing Isaac Izard
