Filmography for Spike Lee (1957-)
===============
She's Gotta Have It (1986)
 playing Mars Blackmon
 as Director
 as Writer
School Daze (1988)
 as Director
 as Writer
Do the Right Thing (1989)
 as Director
 as Writer
Mo' Better Blues (1990)
 playing Giant
 as Director
 as Writer
Jungle Fever (1991)
 playing Cyrus
 as Director
 as Writer
Malcolm X (1992)
 playing Shorty
 as Director
 as Writer
Crooklyn (1994)
 as Director
 as Writer
Clockers (1995)
 as Director
 as Writer
Get on the Bus (1996)
 as Director
4 Little Girls (1997)
 as Director
He Got Game (1998)
 as Director
 as Writer
Summer of Sam (1999)
 as Director
 as Writer
The Best Man (1999)
 as Producer
Bamboozled (2000)
 as Director
 as Writer
Love & Basketball (2000)
 as Producer
The Original Kings of Comedy (2000)
 as Director
25th Hour (2002)
 as Director
Ten Minutes Older: The Trumpet (2002)
 as Director
All the Invisible Children (2005)
 as Director
Inside Man (2006)
 as Director
Miracle at St. Anna (2008)
 as Director
Bad 25 (2012)
 as Director
Michael Jackson's Journey from Motown to Off the Wall (2016)
 as Director
Amazing Grace (2018)
 as Producer
BlacKkKlansman (2018)
 as Director
 as Writer
Pavarotti (2019)
 playing Himself
 as Archive footage
